# JRE version: Java(TM) SE Runtime Environment (8.0_20-b26) (build 1.8.0_20-b26)
# Java VM: Java HotSpot(TM) 64-Bit Server VM (25.20-b23 mixed mode windows-amd64 compressed oops)
Heap:
 PSYoungGen      total 221696K, used 168193K [0x00000000d5f00000, 0x00000000e4900000, 0x0000000100000000)
  eden space 205312K, 75% used [0x00000000d5f00000,0x00000000df5d1750,0x00000000e2780000)
  from space 16384K, 83% used [0x00000000e3800000,0x00000000e456ee48,0x00000000e4800000)
  to   space 16896K, 0% used [0x00000000e2780000,0x00000000e2780000,0x00000000e3800000)
 ParOldGen       total 87552K, used 68849K [0x0000000081c00000, 0x0000000087180000, 0x00000000d5f00000)
  object space 87552K, 78% used [0x0000000081c00000,0x0000000085f3c700,0x0000000087180000)
 Metaspace       used 8537K, capacity 8708K, committed 8960K, reserved 1056768K
  class space    used 896K, capacity 966K, committed 1024K, reserved 1048576K
GC Heap History (10 events):
Event: 16.254 GC heap before
{Heap before GC invocations=78 (full 0):
 PSYoungGen      total 222208K, used 219500K [0x00000000d5f00000, 0x00000000e4900000, 0x0000000100000000)
  eden space 205312K, 100% used [0x00000000d5f00000,0x00000000e2780000,0x00000000e2780000)
  from space 16896K, 83% used [0x00000000e2780000,0x00000000e355b320,0x00000000e3800000)
  to   space 16384K, 0% used [0x00000000e3800000,0x00000000e3800000,0x00000000e4800000)
 ParOldGen       total 87552K, used 68609K [0x0000000081c00000, 0x0000000087180000, 0x00000000d5f00000)
  object space 87552K, 78% used [0x0000000081c00000,0x0000000085f006f0,0x0000000087180000)
 Metaspace       used 8535K, capacity 8708K, committed 8960K, reserved 1056768K
  class space    used 896K, capacity 966K, committed 1024K, reserved 1048576K
Event: 16.257 GC heap after
Heap after GC invocations=78 (full 0):
 PSYoungGen      total 221696K, used 5753K [0x00000000d5f00000, 0x00000000e4900000, 0x0000000100000000)
  eden space 205312K, 0% used [0x00000000d5f00000,0x00000000d5f00000,0x00000000e2780000)
  from space 16384K, 35% used [0x00000000e3800000,0x00000000e3d9e640,0x00000000e4800000)
  to   space 16896K, 0% used [0x00000000e2780000,0x00000000e2780000,0x00000000e3800000)
 ParOldGen       total 87552K, used 68649K [0x0000000081c00000, 0x0000000087180000, 0x00000000d5f00000)
  object space 87552K, 78% used [0x0000000081c00000,0x0000000085f0a6f0,0x0000000087180000)
 Metaspace       used 8535K, capacity 8708K, committed 8960K, reserved 1056768K
  class space    used 896K, capacity 966K, committed 1024K, reserved 1048576K
}
Event: 16.481 GC heap before
{Heap before GC invocations=79 (full 0):
 PSYoungGen      total 221696K, used 211011K [0x00000000d5f00000, 0x00000000e4900000, 0x0000000100000000)
  eden space 205312K, 99% used [0x00000000d5f00000,0x00000000e2772748,0x00000000e2780000)
  from space 16384K, 35% used [0x00000000e3800000,0x00000000e3d9e640,0x00000000e4800000)
  to   space 16896K, 0% used [0x00000000e2780000,0x00000000e2780000,0x00000000e3800000)
 ParOldGen       total 87552K, used 68649K [0x0000000081c00000, 0x0000000087180000, 0x00000000d5f00000)
  object space 87552K, 78% used [0x0000000081c00000,0x0000000085f0a6f0,0x0000000087180000)
 Metaspace       used 8535K, capacity 8708K, committed 8960K, reserved 1056768K
  class space    used 896K, capacity 966K, committed 1024K, reserved 1048576K
Event: 16.485 GC heap after
Heap after GC invocations=79 (full 0):
 PSYoungGen      total 222208K, used 11438K [0x00000000d5f00000, 0x00000000e4900000, 0x0000000100000000)
  eden space 205312K, 0% used [0x00000000d5f00000,0x00000000d5f00000,0x00000000e2780000)
  from space 16896K, 67% used [0x00000000e2780000,0x00000000e32aba48,0x00000000e3800000)
  to   space 16384K, 0% used [0x00000000e3800000,0x00000000e3800000,0x00000000e4800000)
 ParOldGen       total 87552K, used 68689K [0x0000000081c00000, 0x0000000087180000, 0x00000000d5f00000)
  object space 87552K, 78% used [0x0000000081c00000,0x0000000085f146f0,0x0000000087180000)
 Metaspace       used 8535K, capacity 8708K, committed 8960K, reserved 1056768K
  class space    used 896K, capacity 966K, committed 1024K, reserved 1048576K
}
Event: 16.713 GC heap before
{Heap before GC invocations=80 (full 0):
 PSYoungGen      total 222208K, used 216682K [0x00000000d5f00000, 0x00000000e4900000, 0x0000000100000000)
  eden space 205312K, 99% used [0x00000000d5f00000,0x00000000e276ef68,0x00000000e2780000)
  from space 16896K, 67% used [0x00000000e2780000,0x00000000e32aba48,0x00000000e3800000)
  to   space 16384K, 0% used [0x00000000e3800000,0x00000000e3800000,0x00000000e4800000)
 ParOldGen       total 87552K, used 68689K [0x0000000081c00000, 0x0000000087180000, 0x00000000d5f00000)
  object space 87552K, 78% used [0x0000000081c00000,0x0000000085f146f0,0x0000000087180000)
 Metaspace       used 8537K, capacity 8708K, committed 8960K, reserved 1056768K
  class space    used 896K, capacity 966K, committed 1024K, reserved 1048576K
Event: 16.714 GC heap after
Heap after GC invocations=80 (full 0):
 PSYoungGen      total 221696K, used 2416K [0x00000000d5f00000, 0x00000000e4900000, 0x0000000100000000)
  eden space 205312K, 0% used [0x00000000d5f00000,0x00000000d5f00000,0x00000000e2780000)
  from space 16384K, 14% used [0x00000000e3800000,0x00000000e3a5c248,0x00000000e4800000)
  to   space 16896K, 0% used [0x00000000e2780000,0x00000000e2780000,0x00000000e3800000)
 ParOldGen       total 87552K, used 68745K [0x0000000081c00000, 0x0000000087180000, 0x00000000d5f00000)
  object space 87552K, 78% used [0x0000000081c00000,0x0000000085f22700,0x0000000087180000)
 Metaspace       used 8537K, capacity 8708K, committed 8960K, reserved 1056768K
  class space    used 896K, capacity 966K, committed 1024K, reserved 1048576K
}
Event: 16.924 GC heap before
{Heap before GC invocations=81 (full 0):
 PSYoungGen      total 221696K, used 207629K [0x00000000d5f00000, 0x00000000e4900000, 0x0000000100000000)
  eden space 205312K, 99% used [0x00000000d5f00000,0x00000000e2767350,0x00000000e2780000)
  from space 16384K, 14% used [0x00000000e3800000,0x00000000e3a5c248,0x00000000e4800000)
  to   space 16896K, 0% used [0x00000000e2780000,0x00000000e2780000,0x00000000e3800000)
 ParOldGen       total 87552K, used 68745K [0x0000000081c00000, 0x0000000087180000, 0x00000000d5f00000)
  object space 87552K, 78% used [0x0000000081c00000,0x0000000085f22700,0x0000000087180000)
 Metaspace       used 8537K, capacity 8708K, committed 8960K, reserved 1056768K
  class space    used 896K, capacity 966K, committed 1024K, reserved 1048576K
Event: 16.927 GC heap after
Heap after GC invocations=81 (full 0):
 PSYoungGen      total 222208K, used 7946K [0x00000000d5f00000, 0x00000000e4900000, 0x0000000100000000)
  eden space 205312K, 0% used [0x00000000d5f00000,0x00000000d5f00000,0x00000000e2780000)
  from space 16896K, 47% used [0x00000000e2780000,0x00000000e2f42888,0x00000000e3800000)
  to   space 16384K, 0% used [0x00000000e3800000,0x00000000e3800000,0x00000000e4800000)
 ParOldGen       total 87552K, used 68793K [0x0000000081c00000, 0x0000000087180000, 0x00000000d5f00000)
  object space 87552K, 78% used [0x0000000081c00000,0x0000000085f2e700,0x0000000087180000)
 Metaspace       used 8537K, capacity 8708K, committed 8960K, reserved 1056768K
  class space    used 896K, capacity 966K, committed 1024K, reserved 1048576K
}
Event: 17.126 GC heap before
{Heap before GC invocations=82 (full 0):
 PSYoungGen      total 222208K, used 213258K [0x00000000d5f00000, 0x00000000e4900000, 0x0000000100000000)
  eden space 205312K, 100% used [0x00000000d5f00000,0x00000000e2780000,0x00000000e2780000)
  from space 16896K, 47% used [0x00000000e2780000,0x00000000e2f42888,0x00000000e3800000)
  to   space 16384K, 0% used [0x00000000e3800000,0x00000000e3800000,0x00000000e4800000)
 ParOldGen       total 87552K, used 68793K [0x0000000081c00000, 0x0000000087180000, 0x00000000d5f00000)
  object space 87552K, 78% used [0x0000000081c00000,0x0000000085f2e700,0x0000000087180000)
 Metaspace       used 8537K, capacity 8708K, committed 8960K, reserved 1056768K
  class space    used 896K, capacity 966K, committed 1024K, reserved 1048576K
Event: 17.130 GC heap after
Heap after GC invocations=82 (full 0):
 PSYoungGen      total 221696K, used 13755K [0x00000000d5f00000, 0x00000000e4900000, 0x0000000100000000)
  eden space 205312K, 0% used [0x00000000d5f00000,0x00000000d5f00000,0x00000000e2780000)
  from space 16384K, 83% used [0x00000000e3800000,0x00000000e456ee48,0x00000000e4800000)
  to   space 16896K, 0% used [0x00000000e2780000,0x00000000e2780000,0x00000000e3800000)
 ParOldGen       total 87552K, used 68849K [0x0000000081c00000, 0x0000000087180000, 0x00000000d5f00000)
  object space 87552K, 78% used [0x0000000081c00000,0x0000000085f3c700,0x0000000087180000)
 Metaspace       used 8537K, capacity 8708K, committed 8960K, reserved 1056768K
  class space    used 896K, capacity 966K, committed 1024K, reserved 1048576K
}

